<?xml version="1.0" encoding="UTF-8"?>
<testsuite xmlns:xsi="http://www.w3.org/2001/XMLSchema-instance" xsi:noNamespaceSchemaLocation="https://maven.apache.org/surefire/maven-surefire-plugin/xsd/surefire-test-report.xsd" name="com.cybertek.runners.CukesRunner" time="99.299" tests="3" errors="2" skipped="0" failures="1">
  <properties>
[...]
</properties>
  <testcase name="user can upload a file regarding to new task" classname="As a user I should be able to create a task from activity stream." time="28.068">
    <failure message="expected:&lt;today, [15:18 PM]&gt; but was:&lt;today, [03:18 pm]&gt;" type="org.junit.ComparisonFailure"><![CDATA[org.junit.ComparisonFailure: expected:<today, [15:18 PM]> but was:<today, [03:18 pm]>
]]></failure>
    <system-out><![CDATA[[@Tasks]
user can upload a file regarding to new task
BEFORE
configuration.properties
AFTER
]]></system-out>
    <system-err><![CDATA[[main] INFO io.github.bonigarcia.wdm.WebDriverManager - Using chromedriver 76.0.3809.68 (since Google Chrome 76 is installed in your machine)
[main] INFO io.github.bonigarcia.wdm.WebDriverManager - Exporting webdriver.chrome.driver as /Users/betulalaz/.m2/repository/webdriver/chromedriver/mac64/76.0.3809.68/chromedriver
Starting ChromeDriver 76.0.3809.68 (420c9498db8ce8fcd190a954d51297672c1515d5-refs/branch-heads/3809@{#864}) on port 23479
Only local connections are allowed.
Please protect ports used by ChromeDriver and related test frameworks to prevent access by malicious code.
Aug 19, 2019 3:18:01 PM org.openqa.selenium.remote.ProtocolHandshake createSession
INFO: Detected dialect: W3C
ERROR StatusLogger No Log4j 2 configuration file found. Using default configuration (logging only errors to the console), or user programmatically provided configurations. Set system property 'log4j2.debug' to show Log4j 2 internal initialization logging. See https://logging.apache.org/log4j/2.x/manual/configuration.html for instructions on how to configure Log4j 2
]]></system-err>
  </testcase>
  <testcase name="user can upload a file regarding to new task" classname="As a user I should be able to create a task from activity stream." time="35.223">
    <error message="no such element: Unable to locate element: {&quot;method&quot;:&quot;css selector&quot;,&quot;selector&quot;:&quot;span#feed-add-post-form-tab-tasks &gt; span&quot;}&#10;  (Session info: chrome=76.0.3809.100)&#10;For documentation on this error, please visit: https://www.seleniumhq.org/exceptions/no_such_element.html&#10;Build info: version: &apos;3.141.59&apos;, revision: &apos;e82be7d358&apos;, time: &apos;2018-11-14T08:17:03&apos;&#10;System info: host: &apos;Betuls-Air.attlocal.net&apos;, ip: &apos;2600:1702:530:29c0:0:0:0:44%en0&apos;, os.name: &apos;Mac OS X&apos;, os.arch: &apos;x86_64&apos;, os.version: &apos;10.14.6&apos;, java.version: &apos;11.0.1&apos;&#10;Driver info: org.openqa.selenium.chrome.ChromeDriver&#10;Capabilities {acceptInsecureCerts: false, browserName: chrome, browserVersion: 76.0.3809.100, chrome: {chromedriverVersion: 76.0.3809.68 (420c9498db8ce..., userDataDir: /var/folders/h3/lfyn6h9d2hd...}, goog:chromeOptions: {debuggerAddress: localhost:52095}, javascriptEnabled: true, networkConnectionEnabled: false, pageLoadStrategy: normal, platform: MAC, platformName: MAC, proxy: Proxy(), setWindowRect: true, strictFileInteractability: false, timeouts: {implicit: 0, pageLoad: 300000, script: 30000}, unhandledPromptBehavior: dismiss and notify}&#10;Session ID: 7c89173c5d6934cbb03fd3b354689fc0&#10;*** Element info: {Using=css selector, value=span#feed-add-post-form-tab-tasks &gt; span}" type="org.openqa.selenium.NoSuchElementException">org.openqa.selenium.NoSuchElementException: 
no such element: Unable to locate element: {"method":"css selector","selector":"span#feed-add-post-form-tab-tasks > span"}
  (Session info: chrome=76.0.3809.100)
For documentation on this error, please visit: https://www.seleniumhq.org/exceptions/no_such_element.html
Build info: version: '3.141.59', revision: 'e82be7d358', time: '2018-11-14T08:17:03'
System info: host: 'Betuls-Air.attlocal.net', ip: '2600:1702:530:29c0:0:0:0:44%en0', os.name: 'Mac OS X', os.arch: 'x86_64', os.version: '10.14.6', java.version: '11.0.1'
Driver info: org.openqa.selenium.chrome.ChromeDriver
Capabilities {acceptInsecureCerts: false, browserName: chrome, browserVersion: 76.0.3809.100, chrome: {chromedriverVersion: 76.0.3809.68 (420c9498db8ce..., userDataDir: /var/folders/h3/lfyn6h9d2hd...}, goog:chromeOptions: {debuggerAddress: localhost:52095}, javascriptEnabled: true, networkConnectionEnabled: false, pageLoadStrategy: normal, platform: MAC, platformName: MAC, proxy: Proxy(), setWindowRect: true, strictFileInteractability: false, timeouts: {implicit: 0, pageLoad: 300000, script: 30000}, unhandledPromptBehavior: dismiss and notify}
Session ID: 7c89173c5d6934cbb03fd3b354689fc0
*** Element info: {Using=css selector, value=span#feed-add-post-form-tab-tasks > span}
</error>
    <system-out><![CDATA[[@Tasks]
user can upload a file regarding to new task
BEFORE
AFTER
]]></system-out>
    <system-err><![CDATA[[main] INFO io.github.bonigarcia.wdm.WebDriverManager - Using chromedriver 76.0.3809.68 (since Google Chrome 76 is installed in your machine)
[main] INFO io.github.bonigarcia.wdm.WebDriverManager - Exporting webdriver.chrome.driver as /Users/betulalaz/.m2/repository/webdriver/chromedriver/mac64/76.0.3809.68/chromedriver
Starting ChromeDriver 76.0.3809.68 (420c9498db8ce8fcd190a954d51297672c1515d5-refs/branch-heads/3809@{#864}) on port 48174
Only local connections are allowed.
Please protect ports used by ChromeDriver and related test frameworks to prevent access by malicious code.
Aug 19, 2019 3:18:27 PM org.openqa.selenium.remote.ProtocolHandshake createSession
INFO: Detected dialect: W3C
]]></system-err>
  </testcase>
  <testcase name="user can upload a file regarding to new task" classname="As a user I should be able to create a task from activity stream." time="34.826">
    <error message="no such element: Unable to locate element: {&quot;method&quot;:&quot;css selector&quot;,&quot;selector&quot;:&quot;span#feed-add-post-form-tab-tasks &gt; span&quot;}&#10;  (Session info: chrome=76.0.3809.100)&#10;For documentation on this error, please visit: https://www.seleniumhq.org/exceptions/no_such_element.html&#10;Build info: version: &apos;3.141.59&apos;, revision: &apos;e82be7d358&apos;, time: &apos;2018-11-14T08:17:03&apos;&#10;System info: host: &apos;Betuls-Air.attlocal.net&apos;, ip: &apos;2600:1702:530:29c0:0:0:0:44%en0&apos;, os.name: &apos;Mac OS X&apos;, os.arch: &apos;x86_64&apos;, os.version: &apos;10.14.6&apos;, java.version: &apos;11.0.1&apos;&#10;Driver info: org.openqa.selenium.chrome.ChromeDriver&#10;Capabilities {acceptInsecureCerts: false, browserName: chrome, browserVersion: 76.0.3809.100, chrome: {chromedriverVersion: 76.0.3809.68 (420c9498db8ce..., userDataDir: /var/folders/h3/lfyn6h9d2hd...}, goog:chromeOptions: {debuggerAddress: localhost:52115}, javascriptEnabled: true, networkConnectionEnabled: false, pageLoadStrategy: normal, platform: MAC, platformName: MAC, proxy: Proxy(), setWindowRect: true, strictFileInteractability: false, timeouts: {implicit: 0, pageLoad: 300000, script: 30000}, unhandledPromptBehavior: dismiss and notify}&#10;Session ID: 913414dc32f77a01e78dd365fb26b2ca&#10;*** Element info: {Using=css selector, value=span#feed-add-post-form-tab-tasks &gt; span}" type="org.openqa.selenium.NoSuchElementException">org.openqa.selenium.NoSuchElementException: 
no such element: Unable to locate element: {"method":"css selector","selector":"span#feed-add-post-form-tab-tasks > span"}
  (Session info: chrome=76.0.3809.100)
For documentation on this error, please visit: https://www.seleniumhq.org/exceptions/no_such_element.html
Build info: version: '3.141.59', revision: 'e82be7d358', time: '2018-11-14T08:17:03'
System info: host: 'Betuls-Air.attlocal.net', ip: '2600:1702:530:29c0:0:0:0:44%en0', os.name: 'Mac OS X', os.arch: 'x86_64', os.version: '10.14.6', java.version: '11.0.1'
Driver info: org.openqa.selenium.chrome.ChromeDriver
Capabilities {acceptInsecureCerts: false, browserName: chrome, browserVersion: 76.0.3809.100, chrome: {chromedriverVersion: 76.0.3809.68 (420c9498db8ce..., userDataDir: /var/folders/h3/lfyn6h9d2hd...}, goog:chromeOptions: {debuggerAddress: localhost:52115}, javascriptEnabled: true, networkConnectionEnabled: false, pageLoadStrategy: normal, platform: MAC, platformName: MAC, proxy: Proxy(), setWindowRect: true, strictFileInteractability: false, timeouts: {implicit: 0, pageLoad: 300000, script: 30000}, unhandledPromptBehavior: dismiss and notify}
Session ID: 913414dc32f77a01e78dd365fb26b2ca
*** Element info: {Using=css selector, value=span#feed-add-post-form-tab-tasks > span}
</error>
    <system-out><![CDATA[[@Tasks]
user can upload a file regarding to new task
BEFORE
AFTER
]]></system-out>
    <system-err><![CDATA[[main] INFO io.github.bonigarcia.wdm.WebDriverManager - Using chromedriver 76.0.3809.68 (since Google Chrome 76 is installed in your machine)
[main] INFO io.github.bonigarcia.wdm.WebDriverManager - Exporting webdriver.chrome.driver as /Users/betulalaz/.m2/repository/webdriver/chromedriver/mac64/76.0.3809.68/chromedriver
Starting ChromeDriver 76.0.3809.68 (420c9498db8ce8fcd190a954d51297672c1515d5-refs/branch-heads/3809@{#864}) on port 41731
Only local connections are allowed.
Please protect ports used by ChromeDriver and related test frameworks to prevent access by malicious code.
Aug 19, 2019 3:19:02 PM org.openqa.selenium.remote.ProtocolHandshake createSession
INFO: Detected dialect: W3C
]]></system-err>
  </testcase>
</testsuite>